mode: atomic
github.com/Tensor-Systems/tensoremr-server/pkg/repository/visual_acuity.go:25.52,27.16 2 0
github.com/Tensor-Systems/tensoremr-server/pkg/repository/visual_acuity.go:31.2,31.12 1 0
github.com/Tensor-Systems/tensoremr-server/pkg/repository/visual_acuity.go:27.16,29.3 1 0
github.com/Tensor-Systems/tensoremr-server/pkg/repository/visual_acuity.go:35.42,37.16 2 0
github.com/Tensor-Systems/tensoremr-server/pkg/repository/visual_acuity.go:41.2,41.12 1 0
github.com/Tensor-Systems/tensoremr-server/pkg/repository/visual_acuity.go:37.16,39.3 1 0
github.com/Tensor-Systems/tensoremr-server/pkg/repository/visual_acuity.go:45.73,48.16 3 0
github.com/Tensor-Systems/tensoremr-server/pkg/repository/visual_acuity.go:52.2,52.16 1 0
github.com/Tensor-Systems/tensoremr-server/pkg/repository/visual_acuity.go:48.16,50.3 1 0
github.com/Tensor-Systems/tensoremr-server/pkg/repository/visual_acuity.go:56.71,58.16 2 0
github.com/Tensor-Systems/tensoremr-server/pkg/repository/visual_acuity.go:61.2,61.15 1 0
github.com/Tensor-Systems/tensoremr-server/pkg/repository/visual_acuity.go:58.16,60.3 1 0
github.com/Tensor-Systems/tensoremr-server/pkg/repository/hpi_component.go:15.37,17.16 2 0
github.com/Tensor-Systems/tensoremr-server/pkg/repository/hpi_component.go:21.2,21.12 1 0
github.com/Tensor-Systems/tensoremr-server/pkg/repository/hpi_component.go:17.16,19.3 1 0
github.com/Tensor-Systems/tensoremr-server/pkg/repository/hpi_component.go:25.42,27.16 2 0
github.com/Tensor-Systems/tensoremr-server/pkg/repository/hpi_component.go:31.2,31.12 1 0
github.com/Tensor-Systems/tensoremr-server/pkg/repository/hpi_component.go:27.16,29.3 1 0
github.com/Tensor-Systems/tensoremr-server/pkg/repository/hpi_component.go:36.56,38.16 2 0
github.com/Tensor-Systems/tensoremr-server/pkg/repository/hpi_component.go:41.2,41.15 1 0
github.com/Tensor-Systems/tensoremr-server/pkg/repository/hpi_component.go:38.16,40.3 1 0
github.com/Tensor-Systems/tensoremr-server/pkg/repository/hpi_component.go:45.62,50.2 3 0
github.com/Tensor-Systems/tensoremr-server/pkg/repository/hpi_component.go:53.103,58.21 4 0
github.com/Tensor-Systems/tensoremr-server/pkg/repository/hpi_component.go:62.2,64.23 2 0
github.com/Tensor-Systems/tensoremr-server/pkg/repository/hpi_component.go:68.2,68.34 1 0
github.com/Tensor-Systems/tensoremr-server/pkg/repository/hpi_component.go:58.21,60.3 1 0
github.com/Tensor-Systems/tensoremr-server/pkg/repository/hpi_component.go:64.23,66.3 1 0
github.com/Tensor-Systems/tensoremr-server/pkg/repository/hpi_component.go:72.45,76.2 3 0
github.com/Tensor-Systems/tensoremr-server/pkg/repository/patient.go:52.56,53.45 1 0
github.com/Tensor-Systems/tensoremr-server/pkg/repository/patient.go:61.2,61.8 1 0
github.com/Tensor-Systems/tensoremr-server/pkg/repository/patient.go:53.45,59.3 4 0
github.com/Tensor-Systems/tensoremr-server/pkg/repository/patient.go:65.32,68.77 2 0
github.com/Tensor-Systems/tensoremr-server/pkg/repository/patient.go:72.2,72.16 1 0
github.com/Tensor-Systems/tensoremr-server/pkg/repository/patient.go:76.2,76.12 1 0
github.com/Tensor-Systems/tensoremr-server/pkg/repository/patient.go:68.77,70.3 1 0
github.com/Tensor-Systems/tensoremr-server/pkg/repository/patient.go:72.16,74.3 1 0
github.com/Tensor-Systems/tensoremr-server/pkg/repository/patient.go:80.37,82.16 2 0
github.com/Tensor-Systems/tensoremr-server/pkg/repository/patient.go:86.2,86.12 1 0
github.com/Tensor-Systems/tensoremr-server/pkg/repository/patient.go:82.16,84.3 1 0
github.com/Tensor-Systems/tensoremr-server/pkg/repository/patient.go:89.57,94.2 3 0
github.com/Tensor-Systems/tensoremr-server/pkg/repository/patient.go:97.71,102.21 4 0
github.com/Tensor-Systems/tensoremr-server/pkg/repository/patient.go:106.2,107.16 2 0
github.com/Tensor-Systems/tensoremr-server/pkg/repository/patient.go:111.2,111.27 1 0
github.com/Tensor-Systems/tensoremr-server/pkg/repository/patient.go:102.21,104.3 1 0
github.com/Tensor-Systems/tensoremr-server/pkg/repository/patient.go:107.16,109.3 1 0
github.com/Tensor-Systems/tensoremr-server/pkg/repository/patient.go:115.59,132.16 6 0
github.com/Tensor-Systems/tensoremr-server/pkg/repository/patient.go:136.2,137.16 2 0
github.com/Tensor-Systems/tensoremr-server/pkg/repository/patient.go:141.2,143.16 2 0
github.com/Tensor-Systems/tensoremr-server/pkg/repository/patient.go:147.2,149.16 2 0
github.com/Tensor-Systems/tensoremr-server/pkg/repository/patient.go:154.2,156.55 2 0
github.com/Tensor-Systems/tensoremr-server/pkg/repository/patient.go:160.2,163.87 2 0
github.com/Tensor-Systems/tensoremr-server/pkg/repository/patient.go:169.2,169.18 1 0
github.com/Tensor-Systems/tensoremr-server/pkg/repository/patient.go:176.2,176.22 1 0
github.com/Tensor-Systems/tensoremr-server/pkg/repository/patient.go:132.16,134.3 1 0
github.com/Tensor-Systems/tensoremr-server/pkg/repository/patient.go:137.16,139.3 1 0
github.com/Tensor-Systems/tensoremr-server/pkg/repository/patient.go:143.16,145.3 1 0
github.com/Tensor-Systems/tensoremr-server/pkg/repository/patient.go:149.16,151.3 1 0
github.com/Tensor-Systems/tensoremr-server/pkg/repository/patient.go:156.55,158.3 1 0
github.com/Tensor-Systems/tensoremr-server/pkg/repository/patient.go:163.87,167.3 3 0
github.com/Tensor-Systems/tensoremr-server/pkg/repository/patient.go:169.18,171.20 2 0
github.com/Tensor-Systems/tensoremr-server/pkg/repository/patient.go:171.20,173.4 1 0
github.com/Tensor-Systems/tensoremr-server/pkg/repository/patient.go:180.55,182.16 2 0
github.com/Tensor-Systems/tensoremr-server/pkg/repository/patient.go:186.2,186.12 1 0
github.com/Tensor-Systems/tensoremr-server/pkg/repository/patient.go:182.16,184.3 1 0
github.com/Tensor-Systems/tensoremr-server/pkg/repository/patient.go:190.46,193.77 2 0
github.com/Tensor-Systems/tensoremr-server/pkg/repository/patient.go:197.2,197.16 1 0
github.com/Tensor-Systems/tensoremr-server/pkg/repository/patient.go:201.2,201.15 1 0
github.com/Tensor-Systems/tensoremr-server/pkg/repository/patient.go:193.77,195.3 1 0
github.com/Tensor-Systems/tensoremr-server/pkg/repository/patient.go:197.16,199.3 1 0
github.com/Tensor-Systems/tensoremr-server/pkg/repository/patient.go:205.40,208.16 3 0
github.com/Tensor-Systems/tensoremr-server/pkg/repository/patient.go:211.2,211.12 1 0
github.com/Tensor-Systems/tensoremr-server/pkg/repository/patient.go:208.16,210.3 1 0
github.com/Tensor-Systems/tensoremr-server/pkg/repository/treatment.go:22.34,24.16 2 0
github.com/Tensor-Systems/tensoremr-server/pkg/repository/treatment.go:28.2,28.12 1 0
github.com/Tensor-Systems/tensoremr-server/pkg/repository/treatment.go:24.16,26.3 1 0
github.com/Tensor-Systems/tensoremr-server/pkg/repository/treatment.go:32.39,34.16 2 0
github.com/Tensor-Systems/tensoremr-server/pkg/repository/treatment.go:38.2,38.12 1 0
github.com/Tensor-Systems/tensoremr-server/pkg/repository/treatment.go:34.16,36.3 1 0
github.com/Tensor-Systems/tensoremr-server/pkg/repository/treatment.go:42.50,44.16 2 0
github.com/Tensor-Systems/tensoremr-server/pkg/repository/treatment.go:47.2,47.15 1 0
github.com/Tensor-Systems/tensoremr-server/pkg/repository/treatment.go:44.16,46.3 1 0
github.com/Tensor-Systems/tensoremr-server/pkg/repository/treatment.go:51.42,55.2 3 0
github.com/Tensor-Systems/tensoremr-server/pkg/repository/order.go:16.30,18.16 2 0
github.com/Tensor-Systems/tensoremr-server/pkg/repository/order.go:22.2,22.12 1 0
github.com/Tensor-Systems/tensoremr-server/pkg/repository/order.go:18.16,20.3 1 0
github.com/Tensor-Systems/tensoremr-server/pkg/repository/order.go:26.35,28.16 2 0
github.com/Tensor-Systems/tensoremr-server/pkg/repository/order.go:32.2,32.12 1 0
github.com/Tensor-Systems/tensoremr-server/pkg/repository/order.go:28.16,30.3 1 0
github.com/Tensor-Systems/tensoremr-server/pkg/repository/order.go:36.42,38.16 2 0
github.com/Tensor-Systems/tensoremr-server/pkg/repository/order.go:41.2,41.15 1 0
github.com/Tensor-Systems/tensoremr-server/pkg/repository/order.go:38.16,40.3 1 0
github.com/Tensor-Systems/tensoremr-server/pkg/repository/order.go:45.38,49.2 3 0
github.com/Tensor-Systems/tensoremr-server/pkg/repository/order_status.go:13.36,15.16 2 0
github.com/Tensor-Systems/tensoremr-server/pkg/repository/order_status.go:19.2,19.12 1 0
github.com/Tensor-Systems/tensoremr-server/pkg/repository/order_status.go:15.16,17.3 1 0
github.com/Tensor-Systems/tensoremr-server/pkg/repository/order_status.go:23.61,28.2 3 0
github.com/Tensor-Systems/tensoremr-server/pkg/repository/order_status.go:31.79,36.21 4 0
github.com/Tensor-Systems/tensoremr-server/pkg/repository/order_status.go:40.2,41.16 2 0
github.com/Tensor-Systems/tensoremr-server/pkg/repository/order_status.go:45.2,45.27 1 0
github.com/Tensor-Systems/tensoremr-server/pkg/repository/order_status.go:36.21,38.3 1 0
github.com/Tensor-Systems/tensoremr-server/pkg/repository/order_status.go:41.16,43.3 1 0
github.com/Tensor-Systems/tensoremr-server/pkg/repository/order_status.go:49.41,51.16 2 0
github.com/Tensor-Systems/tensoremr-server/pkg/repository/order_status.go:55.2,55.12 1 0
github.com/Tensor-Systems/tensoremr-server/pkg/repository/order_status.go:51.16,53.3 1 0
github.com/Tensor-Systems/tensoremr-server/pkg/repository/order_status.go:59.54,61.16 2 0
github.com/Tensor-Systems/tensoremr-server/pkg/repository/order_status.go:64.2,64.15 1 0
github.com/Tensor-Systems/tensoremr-server/pkg/repository/order_status.go:61.16,63.3 1 0
github.com/Tensor-Systems/tensoremr-server/pkg/repository/order_status.go:68.44,72.2 3 0
github.com/Tensor-Systems/tensoremr-server/pkg/repository/queue.go:15.30,17.2 1 3
github.com/Tensor-Systems/tensoremr-server/pkg/repository/queue.go:20.35,22.2 1 0
github.com/Tensor-Systems/tensoremr-server/pkg/repository/queue.go:25.42,27.16 2 0
github.com/Tensor-Systems/tensoremr-server/pkg/repository/queue.go:30.2,30.15 1 0
github.com/Tensor-Systems/tensoremr-server/pkg/repository/queue.go:27.16,29.3 1 0
github.com/Tensor-Systems/tensoremr-server/pkg/repository/queue.go:34.90,39.16 3 5
github.com/Tensor-Systems/tensoremr-server/pkg/repository/queue.go:43.2,43.20 1 5
github.com/Tensor-Systems/tensoremr-server/pkg/repository/queue.go:39.16,41.3 1 0
github.com/Tensor-Systems/tensoremr-server/pkg/repository/queue.go:47.71,52.16 3 1
github.com/Tensor-Systems/tensoremr-server/pkg/repository/queue.go:56.2,56.20 1 1
github.com/Tensor-Systems/tensoremr-server/pkg/repository/queue.go:52.16,54.3 1 0
github.com/Tensor-Systems/tensoremr-server/pkg/repository/queue.go:60.62,62.2 1 1
github.com/Tensor-Systems/tensoremr-server/pkg/repository/queue.go:65.38,67.2 1 0
github.com/Tensor-Systems/tensoremr-server/pkg/repository/user_type.go:14.33,16.16 2 0
github.com/Tensor-Systems/tensoremr-server/pkg/repository/user_type.go:20.2,20.12 1 0
github.com/Tensor-Systems/tensoremr-server/pkg/repository/user_type.go:16.16,18.3 1 0
github.com/Tensor-Systems/tensoremr-server/pkg/repository/user_type.go:25.73,31.21 4 0
github.com/Tensor-Systems/tensoremr-server/pkg/repository/user_type.go:35.2,35.23 1 0
github.com/Tensor-Systems/tensoremr-server/pkg/repository/user_type.go:39.2,39.34 1 0
github.com/Tensor-Systems/tensoremr-server/pkg/repository/user_type.go:31.21,33.3 1 0
github.com/Tensor-Systems/tensoremr-server/pkg/repository/user_type.go:35.23,37.3 1 0
github.com/Tensor-Systems/tensoremr-server/pkg/repository/user_type.go:43.38,45.16 2 0
github.com/Tensor-Systems/tensoremr-server/pkg/repository/user_type.go:49.2,49.12 1 0
github.com/Tensor-Systems/tensoremr-server/pkg/repository/user_type.go:45.16,47.3 1 0
github.com/Tensor-Systems/tensoremr-server/pkg/repository/user_type.go:53.48,55.16 2 0
github.com/Tensor-Systems/tensoremr-server/pkg/repository/user_type.go:58.2,58.15 1 0
github.com/Tensor-Systems/tensoremr-server/pkg/repository/user_type.go:55.16,57.3 1 0
github.com/Tensor-Systems/tensoremr-server/pkg/repository/user_type.go:62.41,66.2 3 0
github.com/Tensor-Systems/tensoremr-server/pkg/repository/user_type.go:69.51,71.2 1 3
github.com/Tensor-Systems/tensoremr-server/pkg/repository/visit_type.go:18.34,21.77 2 0
github.com/Tensor-Systems/tensoremr-server/pkg/repository/visit_type.go:34.2,34.16 1 0
github.com/Tensor-Systems/tensoremr-server/pkg/repository/visit_type.go:38.2,38.12 1 0
github.com/Tensor-Systems/tensoremr-server/pkg/repository/visit_type.go:21.77,25.25 3 0
github.com/Tensor-Systems/tensoremr-server/pkg/repository/visit_type.go:31.3,31.48 1 0
github.com/Tensor-Systems/tensoremr-server/pkg/repository/visit_type.go:25.25,29.4 3 0
github.com/Tensor-Systems/tensoremr-server/pkg/repository/visit_type.go:34.16,36.3 1 0
github.com/Tensor-Systems/tensoremr-server/pkg/repository/visit_type.go:42.39,44.16 2 0
github.com/Tensor-Systems/tensoremr-server/pkg/repository/visit_type.go:48.2,48.12 1 0
github.com/Tensor-Systems/tensoremr-server/pkg/repository/visit_type.go:44.16,46.3 1 0
github.com/Tensor-Systems/tensoremr-server/pkg/repository/visit_type.go:52.59,57.2 3 0
github.com/Tensor-Systems/tensoremr-server/pkg/repository/visit_type.go:60.75,65.21 4 0
github.com/Tensor-Systems/tensoremr-server/pkg/repository/visit_type.go:69.2,70.16 2 0
github.com/Tensor-Systems/tensoremr-server/pkg/repository/visit_type.go:74.2,74.27 1 0
github.com/Tensor-Systems/tensoremr-server/pkg/repository/visit_type.go:65.21,67.3 1 0
github.com/Tensor-Systems/tensoremr-server/pkg/repository/visit_type.go:70.16,72.3 1 0
github.com/Tensor-Systems/tensoremr-server/pkg/repository/visit_type.go:78.50,81.77 2 0
github.com/Tensor-Systems/tensoremr-server/pkg/repository/visit_type.go:85.2,85.16 1 0
github.com/Tensor-Systems/tensoremr-server/pkg/repository/visit_type.go:88.2,88.15 1 0
github.com/Tensor-Systems/tensoremr-server/pkg/repository/visit_type.go:81.77,83.3 1 0
github.com/Tensor-Systems/tensoremr-server/pkg/repository/visit_type.go:85.16,87.3 1 0
github.com/Tensor-Systems/tensoremr-server/pkg/repository/visit_type.go:92.42,96.2 3 0
github.com/Tensor-Systems/tensoremr-server/pkg/repository/chief_complaint.go:18.39,21.77 2 0
github.com/Tensor-Systems/tensoremr-server/pkg/repository/chief_complaint.go:34.2,34.16 1 0
github.com/Tensor-Systems/tensoremr-server/pkg/repository/chief_complaint.go:38.2,38.12 1 0
github.com/Tensor-Systems/tensoremr-server/pkg/repository/chief_complaint.go:21.77,25.25 3 0
github.com/Tensor-Systems/tensoremr-server/pkg/repository/chief_complaint.go:31.3,31.48 1 0
github.com/Tensor-Systems/tensoremr-server/pkg/repository/chief_complaint.go:25.25,29.4 3 0
github.com/Tensor-Systems/tensoremr-server/pkg/repository/chief_complaint.go:34.16,36.3 1 0
github.com/Tensor-Systems/tensoremr-server/pkg/repository/chief_complaint.go:42.44,44.16 2 0
github.com/Tensor-Systems/tensoremr-server/pkg/repository/chief_complaint.go:48.2,48.12 1 0
github.com/Tensor-Systems/tensoremr-server/pkg/repository/chief_complaint.go:44.16,46.3 1 0
github.com/Tensor-Systems/tensoremr-server/pkg/repository/chief_complaint.go:53.64,58.2 3 0
github.com/Tensor-Systems/tensoremr-server/pkg/repository/chief_complaint.go:61.85,66.21 4 0
github.com/Tensor-Systems/tensoremr-server/pkg/repository/chief_complaint.go:70.2,71.16 2 0
github.com/Tensor-Systems/tensoremr-server/pkg/repository/chief_complaint.go:75.2,75.27 1 0
github.com/Tensor-Systems/tensoremr-server/pkg/repository/chief_complaint.go:66.21,68.3 1 0
github.com/Tensor-Systems/tensoremr-server/pkg/repository/chief_complaint.go:71.16,73.3 1 0
github.com/Tensor-Systems/tensoremr-server/pkg/repository/chief_complaint.go:79.60,82.77 2 0
github.com/Tensor-Systems/tensoremr-server/pkg/repository/chief_complaint.go:86.2,86.16 1 0
github.com/Tensor-Systems/tensoremr-server/pkg/repository/chief_complaint.go:89.2,89.15 1 0
github.com/Tensor-Systems/tensoremr-server/pkg/repository/chief_complaint.go:82.77,84.3 1 0
github.com/Tensor-Systems/tensoremr-server/pkg/repository/chief_complaint.go:86.16,88.3 1 0
github.com/Tensor-Systems/tensoremr-server/pkg/repository/chief_complaint.go:93.47,97.2 3 0
github.com/Tensor-Systems/tensoremr-server/pkg/repository/diagnostic_procedure.go:61.44,63.16 2 0
github.com/Tensor-Systems/tensoremr-server/pkg/repository/diagnostic_procedure.go:67.2,67.12 1 0
github.com/Tensor-Systems/tensoremr-server/pkg/repository/diagnostic_procedure.go:63.16,65.3 1 0
github.com/Tensor-Systems/tensoremr-server/pkg/repository/diagnostic_procedure.go:71.49,73.16 2 0
github.com/Tensor-Systems/tensoremr-server/pkg/repository/diagnostic_procedure.go:77.2,77.12 1 0
github.com/Tensor-Systems/tensoremr-server/pkg/repository/diagnostic_procedure.go:73.16,75.3 1 0
github.com/Tensor-Systems/tensoremr-server/pkg/repository/diagnostic_procedure.go:82.70,84.16 2 0
github.com/Tensor-Systems/tensoremr-server/pkg/repository/diagnostic_procedure.go:87.2,87.15 1 0
github.com/Tensor-Systems/tensoremr-server/pkg/repository/diagnostic_procedure.go:84.16,86.3 1 0
github.com/Tensor-Systems/tensoremr-server/pkg/repository/diagnostic_procedure.go:91.52,95.2 3 0
github.com/Tensor-Systems/tensoremr-server/pkg/repository/hpi_component_type.go:13.41,15.16 2 0
github.com/Tensor-Systems/tensoremr-server/pkg/repository/hpi_component_type.go:19.2,19.12 1 0
github.com/Tensor-Systems/tensoremr-server/pkg/repository/hpi_component_type.go:15.16,17.3 1 0
github.com/Tensor-Systems/tensoremr-server/pkg/repository/hpi_component_type.go:23.46,25.16 2 0
github.com/Tensor-Systems/tensoremr-server/pkg/repository/hpi_component_type.go:29.2,29.12 1 0
github.com/Tensor-Systems/tensoremr-server/pkg/repository/hpi_component_type.go:25.16,27.3 1 0
github.com/Tensor-Systems/tensoremr-server/pkg/repository/hpi_component_type.go:34.64,36.16 2 0
github.com/Tensor-Systems/tensoremr-server/pkg/repository/hpi_component_type.go:39.2,39.15 1 0
github.com/Tensor-Systems/tensoremr-server/pkg/repository/hpi_component_type.go:36.16,38.3 1 0
github.com/Tensor-Systems/tensoremr-server/pkg/repository/hpi_component_type.go:43.66,48.2 3 0
github.com/Tensor-Systems/tensoremr-server/pkg/repository/hpi_component_type.go:51.89,56.21 4 0
github.com/Tensor-Systems/tensoremr-server/pkg/repository/hpi_component_type.go:60.2,61.16 2 0
github.com/Tensor-Systems/tensoremr-server/pkg/repository/hpi_component_type.go:65.2,65.27 1 0
github.com/Tensor-Systems/tensoremr-server/pkg/repository/hpi_component_type.go:56.21,58.3 1 0
github.com/Tensor-Systems/tensoremr-server/pkg/repository/hpi_component_type.go:61.16,63.3 1 0
github.com/Tensor-Systems/tensoremr-server/pkg/repository/hpi_component_type.go:69.49,73.2 3 0
github.com/Tensor-Systems/tensoremr-server/pkg/repository/iop.go:25.28,27.16 2 0
github.com/Tensor-Systems/tensoremr-server/pkg/repository/iop.go:31.2,31.12 1 0
github.com/Tensor-Systems/tensoremr-server/pkg/repository/iop.go:27.16,29.3 1 0
github.com/Tensor-Systems/tensoremr-server/pkg/repository/iop.go:35.33,37.16 2 0
github.com/Tensor-Systems/tensoremr-server/pkg/repository/iop.go:41.2,41.12 1 0
github.com/Tensor-Systems/tensoremr-server/pkg/repository/iop.go:37.16,39.3 1 0
github.com/Tensor-Systems/tensoremr-server/pkg/repository/iop.go:46.55,49.16 3 0
github.com/Tensor-Systems/tensoremr-server/pkg/repository/iop.go:53.2,53.16 1 0
github.com/Tensor-Systems/tensoremr-server/pkg/repository/iop.go:49.16,51.3 1 0
github.com/Tensor-Systems/tensoremr-server/pkg/repository/iop.go:57.38,59.16 2 0
github.com/Tensor-Systems/tensoremr-server/pkg/repository/iop.go:62.2,62.15 1 0
github.com/Tensor-Systems/tensoremr-server/pkg/repository/iop.go:59.16,61.3 1 0
github.com/Tensor-Systems/tensoremr-server/pkg/repository/past_illness.go:15.36,17.16 2 0
github.com/Tensor-Systems/tensoremr-server/pkg/repository/past_illness.go:21.2,21.12 1 0
github.com/Tensor-Systems/tensoremr-server/pkg/repository/past_illness.go:17.16,19.3 1 0
github.com/Tensor-Systems/tensoremr-server/pkg/repository/past_illness.go:25.41,27.16 2 0
github.com/Tensor-Systems/tensoremr-server/pkg/repository/past_illness.go:31.2,31.12 1 0
github.com/Tensor-Systems/tensoremr-server/pkg/repository/past_illness.go:27.16,29.3 1 0
github.com/Tensor-Systems/tensoremr-server/pkg/repository/past_illness.go:35.54,37.16 2 0
github.com/Tensor-Systems/tensoremr-server/pkg/repository/past_illness.go:40.2,40.15 1 0
github.com/Tensor-Systems/tensoremr-server/pkg/repository/past_illness.go:37.16,39.3 1 0
github.com/Tensor-Systems/tensoremr-server/pkg/repository/past_illness.go:44.44,48.2 3 0
github.com/Tensor-Systems/tensoremr-server/pkg/repository/past_injury.go:15.35,17.16 2 0
github.com/Tensor-Systems/tensoremr-server/pkg/repository/past_injury.go:21.2,21.12 1 0
github.com/Tensor-Systems/tensoremr-server/pkg/repository/past_injury.go:17.16,19.3 1 0
github.com/Tensor-Systems/tensoremr-server/pkg/repository/past_injury.go:25.40,27.16 2 0
github.com/Tensor-Systems/tensoremr-server/pkg/repository/past_injury.go:31.2,31.12 1 0
github.com/Tensor-Systems/tensoremr-server/pkg/repository/past_injury.go:27.16,29.3 1 0
github.com/Tensor-Systems/tensoremr-server/pkg/repository/past_injury.go:35.52,37.16 2 0
github.com/Tensor-Systems/tensoremr-server/pkg/repository/past_injury.go:40.2,40.15 1 0
github.com/Tensor-Systems/tensoremr-server/pkg/repository/past_injury.go:37.16,39.3 1 0
github.com/Tensor-Systems/tensoremr-server/pkg/repository/past_injury.go:44.43,48.2 3 0
github.com/Tensor-Systems/tensoremr-server/pkg/repository/surgical_procedure.go:105.42,107.16 2 0
github.com/Tensor-Systems/tensoremr-server/pkg/repository/surgical_procedure.go:111.2,111.12 1 0
github.com/Tensor-Systems/tensoremr-server/pkg/repository/surgical_procedure.go:107.16,109.3 1 0
github.com/Tensor-Systems/tensoremr-server/pkg/repository/surgical_procedure.go:115.47,117.16 2 0
github.com/Tensor-Systems/tensoremr-server/pkg/repository/surgical_procedure.go:121.2,121.12 1 0
github.com/Tensor-Systems/tensoremr-server/pkg/repository/surgical_procedure.go:117.16,119.3 1 0
github.com/Tensor-Systems/tensoremr-server/pkg/repository/surgical_procedure.go:125.66,127.16 2 0
github.com/Tensor-Systems/tensoremr-server/pkg/repository/surgical_procedure.go:130.2,130.15 1 0
github.com/Tensor-Systems/tensoremr-server/pkg/repository/surgical_procedure.go:127.16,129.3 1 0
github.com/Tensor-Systems/tensoremr-server/pkg/repository/surgical_procedure.go:134.50,138.2 3 0
github.com/Tensor-Systems/tensoremr-server/pkg/repository/eye_glass_prescription.go:23.45,25.16 2 0
github.com/Tensor-Systems/tensoremr-server/pkg/repository/eye_glass_prescription.go:29.2,29.12 1 0
github.com/Tensor-Systems/tensoremr-server/pkg/repository/eye_glass_prescription.go:25.16,27.3 1 0
github.com/Tensor-Systems/tensoremr-server/pkg/repository/eye_glass_prescription.go:33.50,35.16 2 0
github.com/Tensor-Systems/tensoremr-server/pkg/repository/eye_glass_prescription.go:39.2,39.12 1 0
github.com/Tensor-Systems/tensoremr-server/pkg/repository/eye_glass_prescription.go:35.16,37.3 1 0
github.com/Tensor-Systems/tensoremr-server/pkg/repository/eye_glass_prescription.go:44.72,46.16 2 0
github.com/Tensor-Systems/tensoremr-server/pkg/repository/eye_glass_prescription.go:49.2,49.15 1 0
github.com/Tensor-Systems/tensoremr-server/pkg/repository/eye_glass_prescription.go:46.16,48.3 1 0
github.com/Tensor-Systems/tensoremr-server/pkg/repository/eye_glass_prescription.go:53.53,57.2 3 0
github.com/Tensor-Systems/tensoremr-server/pkg/repository/family_illness.go:14.38,16.16 2 0
github.com/Tensor-Systems/tensoremr-server/pkg/repository/family_illness.go:20.2,20.12 1 0
github.com/Tensor-Systems/tensoremr-server/pkg/repository/family_illness.go:16.16,18.3 1 0
github.com/Tensor-Systems/tensoremr-server/pkg/repository/family_illness.go:24.43,26.16 2 0
github.com/Tensor-Systems/tensoremr-server/pkg/repository/family_illness.go:30.2,30.12 1 0
github.com/Tensor-Systems/tensoremr-server/pkg/repository/family_illness.go:26.16,28.3 1 0
github.com/Tensor-Systems/tensoremr-server/pkg/repository/family_illness.go:35.58,37.16 2 0
github.com/Tensor-Systems/tensoremr-server/pkg/repository/family_illness.go:40.2,40.15 1 0
github.com/Tensor-Systems/tensoremr-server/pkg/repository/family_illness.go:37.16,39.3 1 0
github.com/Tensor-Systems/tensoremr-server/pkg/repository/family_illness.go:44.46,48.2 3 0
github.com/Tensor-Systems/tensoremr-server/pkg/repository/hpi.go:15.28,17.16 2 0
github.com/Tensor-Systems/tensoremr-server/pkg/repository/hpi.go:21.2,21.12 1 0
github.com/Tensor-Systems/tensoremr-server/pkg/repository/hpi.go:17.16,19.3 1 0
github.com/Tensor-Systems/tensoremr-server/pkg/repository/hpi.go:25.33,27.16 2 0
github.com/Tensor-Systems/tensoremr-server/pkg/repository/hpi.go:31.2,31.12 1 0
github.com/Tensor-Systems/tensoremr-server/pkg/repository/hpi.go:27.16,29.3 1 0
github.com/Tensor-Systems/tensoremr-server/pkg/repository/hpi.go:36.38,38.16 2 0
github.com/Tensor-Systems/tensoremr-server/pkg/repository/hpi.go:41.2,41.15 1 0
github.com/Tensor-Systems/tensoremr-server/pkg/repository/hpi.go:38.16,40.3 1 0
github.com/Tensor-Systems/tensoremr-server/pkg/repository/past_opt_surgery.go:15.39,17.16 2 0
github.com/Tensor-Systems/tensoremr-server/pkg/repository/past_opt_surgery.go:21.2,21.12 1 0
github.com/Tensor-Systems/tensoremr-server/pkg/repository/past_opt_surgery.go:17.16,19.3 1 0
github.com/Tensor-Systems/tensoremr-server/pkg/repository/past_opt_surgery.go:25.44,27.16 2 0
github.com/Tensor-Systems/tensoremr-server/pkg/repository/past_opt_surgery.go:31.2,31.12 1 0
github.com/Tensor-Systems/tensoremr-server/pkg/repository/past_opt_surgery.go:27.16,29.3 1 0
github.com/Tensor-Systems/tensoremr-server/pkg/repository/past_opt_surgery.go:35.60,37.16 2 0
github.com/Tensor-Systems/tensoremr-server/pkg/repository/past_opt_surgery.go:40.2,40.15 1 0
github.com/Tensor-Systems/tensoremr-server/pkg/repository/past_opt_surgery.go:37.16,39.3 1 0
github.com/Tensor-Systems/tensoremr-server/pkg/repository/past_opt_surgery.go:44.47,48.2 3 0
github.com/Tensor-Systems/tensoremr-server/pkg/repository/appointment.go:51.54,54.16 3 5
github.com/Tensor-Systems/tensoremr-server/pkg/repository/appointment.go:58.2,64.12 5 5
github.com/Tensor-Systems/tensoremr-server/pkg/repository/appointment.go:54.16,56.3 1 0
github.com/Tensor-Systems/tensoremr-server/pkg/repository/appointment.go:68.36,70.16 2 2
github.com/Tensor-Systems/tensoremr-server/pkg/repository/appointment.go:74.2,74.12 1 2
github.com/Tensor-Systems/tensoremr-server/pkg/repository/appointment.go:70.16,72.3 1 0
github.com/Tensor-Systems/tensoremr-server/pkg/repository/appointment.go:78.52,79.48 1 0
github.com/Tensor-Systems/tensoremr-server/pkg/repository/appointment.go:79.48,80.45 1 0
github.com/Tensor-Systems/tensoremr-server/pkg/repository/appointment.go:84.3,84.77 1 0
github.com/Tensor-Systems/tensoremr-server/pkg/repository/appointment.go:88.3,88.13 1 0
github.com/Tensor-Systems/tensoremr-server/pkg/repository/appointment.go:80.45,82.4 1 0
github.com/Tensor-Systems/tensoremr-server/pkg/repository/appointment.go:84.77,86.4 1 0
github.com/Tensor-Systems/tensoremr-server/pkg/repository/appointment.go:93.100,99.21 4 0
github.com/Tensor-Systems/tensoremr-server/pkg/repository/appointment.go:103.2,103.23 1 0
github.com/Tensor-Systems/tensoremr-server/pkg/repository/appointment.go:107.2,107.34 1 0
github.com/Tensor-Systems/tensoremr-server/pkg/repository/appointment.go:99.21,101.3 1 0
github.com/Tensor-Systems/tensoremr-server/pkg/repository/appointment.go:103.23,105.3 1 0
github.com/Tensor-Systems/tensoremr-server/pkg/repository/appointment.go:111.128,117.2 3 0
github.com/Tensor-Systems/tensoremr-server/pkg/repository/appointment.go:120.95,130.21 7 0
github.com/Tensor-Systems/tensoremr-server/pkg/repository/appointment.go:134.2,134.23 1 0
github.com/Tensor-Systems/tensoremr-server/pkg/repository/appointment.go:138.2,138.34 1 0
github.com/Tensor-Systems/tensoremr-server/pkg/repository/appointment.go:130.21,132.3 1 0
github.com/Tensor-Systems/tensoremr-server/pkg/repository/appointment.go:134.23,136.3 1 0
github.com/Tensor-Systems/tensoremr-server/pkg/repository/appointment.go:142.92,146.25 3 0
github.com/Tensor-Systems/tensoremr-server/pkg/repository/appointment.go:156.2,156.34 1 0
github.com/Tensor-Systems/tensoremr-server/pkg/repository/appointment.go:164.2,164.26 1 0
github.com/Tensor-Systems/tensoremr-server/pkg/repository/appointment.go:172.2,172.26 1 0
github.com/Tensor-Systems/tensoremr-server/pkg/repository/appointment.go:187.2,196.16 3 0
github.com/Tensor-Systems/tensoremr-server/pkg/repository/appointment.go:200.2,204.16 4 0
github.com/Tensor-Systems/tensoremr-server/pkg/repository/appointment.go:207.2,209.16 2 0
github.com/Tensor-Systems/tensoremr-server/pkg/repository/appointment.go:213.2,215.16 2 0
github.com/Tensor-Systems/tensoremr-server/pkg/repository/appointment.go:220.2,222.55 2 0
github.com/Tensor-Systems/tensoremr-server/pkg/repository/appointment.go:226.2,229.87 2 0
github.com/Tensor-Systems/tensoremr-server/pkg/repository/appointment.go:235.2,235.18 1 0
github.com/Tensor-Systems/tensoremr-server/pkg/repository/appointment.go:242.2,242.26 1 0
github.com/Tensor-Systems/tensoremr-server/pkg/repository/appointment.go:146.25,154.3 1 0
github.com/Tensor-Systems/tensoremr-server/pkg/repository/appointment.go:156.34,162.3 1 0
github.com/Tensor-Systems/tensoremr-server/pkg/repository/appointment.go:164.26,170.3 1 0
github.com/Tensor-Systems/tensoremr-server/pkg/repository/appointment.go:172.26,185.3 4 0
github.com/Tensor-Systems/tensoremr-server/pkg/repository/appointment.go:196.16,198.3 1 0
github.com/Tensor-Systems/tensoremr-server/pkg/repository/appointment.go:204.16,206.3 1 0
github.com/Tensor-Systems/tensoremr-server/pkg/repository/appointment.go:209.16,211.3 1 0
github.com/Tensor-Systems/tensoremr-server/pkg/repository/appointment.go:215.16,217.3 1 0
github.com/Tensor-Systems/tensoremr-server/pkg/repository/appointment.go:222.55,224.3 1 0
github.com/Tensor-Systems/tensoremr-server/pkg/repository/appointment.go:229.87,233.3 3 0
github.com/Tensor-Systems/tensoremr-server/pkg/repository/appointment.go:235.18,237.20 2 0
github.com/Tensor-Systems/tensoremr-server/pkg/repository/appointment.go:237.20,239.4 1 0
github.com/Tensor-Systems/tensoremr-server/pkg/repository/appointment.go:246.41,248.16 2 0
github.com/Tensor-Systems/tensoremr-server/pkg/repository/appointment.go:252.2,252.12 1 0
github.com/Tensor-Systems/tensoremr-server/pkg/repository/appointment.go:248.16,250.3 1 0
github.com/Tensor-Systems/tensoremr-server/pkg/repository/appointment.go:256.38,258.2 1 1
github.com/Tensor-Systems/tensoremr-server/pkg/repository/appointment.go:261.44,265.2 3 0
github.com/Tensor-Systems/tensoremr-server/pkg/repository/auto_refraction_entity.go:31.39,33.16 2 0
github.com/Tensor-Systems/tensoremr-server/pkg/repository/auto_refraction_entity.go:37.2,37.12 1 0
github.com/Tensor-Systems/tensoremr-server/pkg/repository/auto_refraction_entity.go:33.16,35.3 1 0
github.com/Tensor-Systems/tensoremr-server/pkg/repository/auto_refraction_entity.go:41.44,43.16 2 0
github.com/Tensor-Systems/tensoremr-server/pkg/repository/auto_refraction_entity.go:47.2,47.12 1 0
github.com/Tensor-Systems/tensoremr-server/pkg/repository/auto_refraction_entity.go:43.16,45.3 1 0
github.com/Tensor-Systems/tensoremr-server/pkg/repository/auto_refraction_entity.go:51.77,54.16 3 0
github.com/Tensor-Systems/tensoremr-server/pkg/repository/auto_refraction_entity.go:58.2,58.16 1 0
github.com/Tensor-Systems/tensoremr-server/pkg/repository/auto_refraction_entity.go:54.16,56.3 1 0
github.com/Tensor-Systems/tensoremr-server/pkg/repository/auto_refraction_entity.go:62.60,64.16 2 0
github.com/Tensor-Systems/tensoremr-server/pkg/repository/auto_refraction_entity.go:67.2,67.15 1 0
github.com/Tensor-Systems/tensoremr-server/pkg/repository/auto_refraction_entity.go:64.16,66.3 1 0
github.com/Tensor-Systems/tensoremr-server/pkg/repository/cover_test_entity.go:16.34,18.16 2 0
github.com/Tensor-Systems/tensoremr-server/pkg/repository/cover_test_entity.go:22.2,22.12 1 0
github.com/Tensor-Systems/tensoremr-server/pkg/repository/cover_test_entity.go:18.16,20.3 1 0
github.com/Tensor-Systems/tensoremr-server/pkg/repository/cover_test_entity.go:26.39,28.16 2 0
github.com/Tensor-Systems/tensoremr-server/pkg/repository/cover_test_entity.go:32.2,32.12 1 0
github.com/Tensor-Systems/tensoremr-server/pkg/repository/cover_test_entity.go:28.16,30.3 1 0
github.com/Tensor-Systems/tensoremr-server/pkg/repository/cover_test_entity.go:37.55,39.16 2 0
github.com/Tensor-Systems/tensoremr-server/pkg/repository/cover_test_entity.go:43.2,43.12 1 0
github.com/Tensor-Systems/tensoremr-server/pkg/repository/cover_test_entity.go:39.16,41.3 1 0
github.com/Tensor-Systems/tensoremr-server/pkg/repository/cover_test_entity.go:47.50,49.16 2 0
github.com/Tensor-Systems/tensoremr-server/pkg/repository/cover_test_entity.go:52.2,52.15 1 0
github.com/Tensor-Systems/tensoremr-server/pkg/repository/cover_test_entity.go:49.16,51.3 1 0
github.com/Tensor-Systems/tensoremr-server/pkg/repository/funduscopy.go:24.35,26.16 2 0
github.com/Tensor-Systems/tensoremr-server/pkg/repository/funduscopy.go:30.2,30.12 1 0
github.com/Tensor-Systems/tensoremr-server/pkg/repository/funduscopy.go:26.16,28.3 1 0
github.com/Tensor-Systems/tensoremr-server/pkg/repository/funduscopy.go:34.40,36.16 2 0
github.com/Tensor-Systems/tensoremr-server/pkg/repository/funduscopy.go:40.2,40.12 1 0
github.com/Tensor-Systems/tensoremr-server/pkg/repository/funduscopy.go:36.16,38.3 1 0
github.com/Tensor-Systems/tensoremr-server/pkg/repository/funduscopy.go:45.69,48.16 3 0
github.com/Tensor-Systems/tensoremr-server/pkg/repository/funduscopy.go:52.2,52.16 1 0
github.com/Tensor-Systems/tensoremr-server/pkg/repository/funduscopy.go:48.16,50.3 1 0
github.com/Tensor-Systems/tensoremr-server/pkg/repository/funduscopy.go:56.52,58.16 2 0
github.com/Tensor-Systems/tensoremr-server/pkg/repository/funduscopy.go:61.2,61.15 1 0
github.com/Tensor-Systems/tensoremr-server/pkg/repository/funduscopy.go:58.16,60.3 1 0
github.com/Tensor-Systems/tensoremr-server/pkg/repository/lab.go:15.28,17.16 2 0
github.com/Tensor-Systems/tensoremr-server/pkg/repository/lab.go:21.2,21.12 1 0
github.com/Tensor-Systems/tensoremr-server/pkg/repository/lab.go:17.16,19.3 1 0
github.com/Tensor-Systems/tensoremr-server/pkg/repository/lab.go:25.33,27.16 2 0
github.com/Tensor-Systems/tensoremr-server/pkg/repository/lab.go:31.2,31.12 1 0
github.com/Tensor-Systems/tensoremr-server/pkg/repository/lab.go:27.16,29.3 1 0
github.com/Tensor-Systems/tensoremr-server/pkg/repository/lab.go:35.38,37.16 2 0
github.com/Tensor-Systems/tensoremr-server/pkg/repository/lab.go:40.2,40.15 1 0
github.com/Tensor-Systems/tensoremr-server/pkg/repository/lab.go:37.16,39.3 1 0
github.com/Tensor-Systems/tensoremr-server/pkg/repository/lab.go:44.36,48.2 3 0
github.com/Tensor-Systems/tensoremr-server/pkg/repository/page.go:14.62,15.36 1 0
github.com/Tensor-Systems/tensoremr-server/pkg/repository/page.go:15.36,17.16 2 0
github.com/Tensor-Systems/tensoremr-server/pkg/repository/page.go:21.3,22.10 2 0
github.com/Tensor-Systems/tensoremr-server/pkg/repository/page.go:29.3,30.43 2 0
github.com/Tensor-Systems/tensoremr-server/pkg/repository/page.go:17.16,19.4 1 0
github.com/Tensor-Systems/tensoremr-server/pkg/repository/page.go:23.23,24.18 1 0
github.com/Tensor-Systems/tensoremr-server/pkg/repository/page.go:25.22,26.17 1 0
github.com/Tensor-Systems/tensoremr-server/pkg/repository/payment.go:15.32,17.16 2 0
github.com/Tensor-Systems/tensoremr-server/pkg/repository/payment.go:21.2,21.12 1 0
github.com/Tensor-Systems/tensoremr-server/pkg/repository/payment.go:17.16,19.3 1 0
github.com/Tensor-Systems/tensoremr-server/pkg/repository/payment.go:25.37,27.16 2 0
github.com/Tensor-Systems/tensoremr-server/pkg/repository/payment.go:31.2,31.12 1 0
github.com/Tensor-Systems/tensoremr-server/pkg/repository/payment.go:27.16,29.3 1 0
github.com/Tensor-Systems/tensoremr-server/pkg/repository/payment.go:35.46,37.16 2 0
github.com/Tensor-Systems/tensoremr-server/pkg/repository/payment.go:40.2,40.15 1 0
github.com/Tensor-Systems/tensoremr-server/pkg/repository/payment.go:37.16,39.3 1 0
github.com/Tensor-Systems/tensoremr-server/pkg/repository/payment.go:44.40,48.2 3 0
github.com/Tensor-Systems/tensoremr-server/pkg/repository/pupils.go:16.31,18.16 2 0
github.com/Tensor-Systems/tensoremr-server/pkg/repository/pupils.go:22.2,22.12 1 0
github.com/Tensor-Systems/tensoremr-server/pkg/repository/pupils.go:18.16,20.3 1 0
github.com/Tensor-Systems/tensoremr-server/pkg/repository/pupils.go:26.36,28.16 2 0
github.com/Tensor-Systems/tensoremr-server/pkg/repository/pupils.go:32.2,32.12 1 0
github.com/Tensor-Systems/tensoremr-server/pkg/repository/pupils.go:28.16,30.3 1 0
github.com/Tensor-Systems/tensoremr-server/pkg/repository/pupils.go:36.61,39.16 3 0
github.com/Tensor-Systems/tensoremr-server/pkg/repository/pupils.go:43.2,43.16 1 0
github.com/Tensor-Systems/tensoremr-server/pkg/repository/pupils.go:39.16,41.3 1 0
github.com/Tensor-Systems/tensoremr-server/pkg/repository/pupils.go:47.44,49.16 2 0
github.com/Tensor-Systems/tensoremr-server/pkg/repository/pupils.go:52.2,52.15 1 0
github.com/Tensor-Systems/tensoremr-server/pkg/repository/pupils.go:49.16,51.3 1 0
github.com/Tensor-Systems/tensoremr-server/pkg/repository/billing.go:27.32,29.16 2 0
github.com/Tensor-Systems/tensoremr-server/pkg/repository/billing.go:33.2,33.12 1 0
github.com/Tensor-Systems/tensoremr-server/pkg/repository/billing.go:29.16,31.3 1 0
github.com/Tensor-Systems/tensoremr-server/pkg/repository/billing.go:37.37,39.16 2 0
github.com/Tensor-Systems/tensoremr-server/pkg/repository/billing.go:43.2,43.12 1 0
github.com/Tensor-Systems/tensoremr-server/pkg/repository/billing.go:39.16,41.3 1 0
github.com/Tensor-Systems/tensoremr-server/pkg/repository/billing.go:47.57,52.2 3 0
github.com/Tensor-Systems/tensoremr-server/pkg/repository/billing.go:55.71,60.21 4 0
github.com/Tensor-Systems/tensoremr-server/pkg/repository/billing.go:64.2,65.16 2 0
github.com/Tensor-Systems/tensoremr-server/pkg/repository/billing.go:69.2,69.27 1 0
github.com/Tensor-Systems/tensoremr-server/pkg/repository/billing.go:60.21,62.3 1 0
github.com/Tensor-Systems/tensoremr-server/pkg/repository/billing.go:65.16,67.3 1 0
github.com/Tensor-Systems/tensoremr-server/pkg/repository/billing.go:73.59,91.16 6 0
github.com/Tensor-Systems/tensoremr-server/pkg/repository/billing.go:95.2,96.16 2 0
github.com/Tensor-Systems/tensoremr-server/pkg/repository/billing.go:100.2,102.16 2 0
github.com/Tensor-Systems/tensoremr-server/pkg/repository/billing.go:106.2,108.16 2 0
github.com/Tensor-Systems/tensoremr-server/pkg/repository/billing.go:113.2,114.55 2 0
github.com/Tensor-Systems/tensoremr-server/pkg/repository/billing.go:119.2,119.87 1 0
github.com/Tensor-Systems/tensoremr-server/pkg/repository/billing.go:141.2,141.22 1 0
github.com/Tensor-Systems/tensoremr-server/pkg/repository/billing.go:91.16,93.3 1 0
github.com/Tensor-Systems/tensoremr-server/pkg/repository/billing.go:96.16,98.3 1 0
github.com/Tensor-Systems/tensoremr-server/pkg/repository/billing.go:102.16,104.3 1 0
github.com/Tensor-Systems/tensoremr-server/pkg/repository/billing.go:108.16,110.3 1 0
github.com/Tensor-Systems/tensoremr-server/pkg/repository/billing.go:114.55,116.3 1 0
github.com/Tensor-Systems/tensoremr-server/pkg/repository/billing.go:119.87,124.39 3 0
github.com/Tensor-Systems/tensoremr-server/pkg/repository/billing.go:128.3,130.58 2 0
github.com/Tensor-Systems/tensoremr-server/pkg/repository/billing.go:134.3,138.39 4 0
github.com/Tensor-Systems/tensoremr-server/pkg/repository/billing.go:124.39,126.4 1 0
github.com/Tensor-Systems/tensoremr-server/pkg/repository/billing.go:130.58,132.4 1 0
github.com/Tensor-Systems/tensoremr-server/pkg/repository/billing.go:145.46,147.16 2 0
github.com/Tensor-Systems/tensoremr-server/pkg/repository/billing.go:150.2,150.15 1 0
github.com/Tensor-Systems/tensoremr-server/pkg/repository/billing.go:147.16,149.3 1 0
github.com/Tensor-Systems/tensoremr-server/pkg/repository/billing.go:154.40,158.2 3 0
github.com/Tensor-Systems/tensoremr-server/pkg/repository/diagnosis.go:20.34,23.77 2 0
github.com/Tensor-Systems/tensoremr-server/pkg/repository/diagnosis.go:36.2,36.16 1 0
github.com/Tensor-Systems/tensoremr-server/pkg/repository/diagnosis.go:40.2,40.12 1 0
github.com/Tensor-Systems/tensoremr-server/pkg/repository/diagnosis.go:23.77,27.25 3 0
github.com/Tensor-Systems/tensoremr-server/pkg/repository/diagnosis.go:33.3,33.48 1 0
github.com/Tensor-Systems/tensoremr-server/pkg/repository/diagnosis.go:27.25,31.4 3 0
github.com/Tensor-Systems/tensoremr-server/pkg/repository/diagnosis.go:36.16,38.3 1 0
github.com/Tensor-Systems/tensoremr-server/pkg/repository/diagnosis.go:44.39,46.16 2 0
github.com/Tensor-Systems/tensoremr-server/pkg/repository/diagnosis.go:50.2,50.12 1 0
github.com/Tensor-Systems/tensoremr-server/pkg/repository/diagnosis.go:46.16,48.3 1 0
github.com/Tensor-Systems/tensoremr-server/pkg/repository/diagnosis.go:55.59,60.2 3 0
github.com/Tensor-Systems/tensoremr-server/pkg/repository/diagnosis.go:63.75,68.21 4 0
github.com/Tensor-Systems/tensoremr-server/pkg/repository/diagnosis.go:72.2,73.16 2 0
github.com/Tensor-Systems/tensoremr-server/pkg/repository/diagnosis.go:77.2,77.27 1 0
github.com/Tensor-Systems/tensoremr-server/pkg/repository/diagnosis.go:68.21,70.3 1 0
github.com/Tensor-Systems/tensoremr-server/pkg/repository/diagnosis.go:73.16,75.3 1 0
github.com/Tensor-Systems/tensoremr-server/pkg/repository/diagnosis.go:81.50,84.77 2 0
github.com/Tensor-Systems/tensoremr-server/pkg/repository/diagnosis.go:88.2,88.16 1 0
github.com/Tensor-Systems/tensoremr-server/pkg/repository/diagnosis.go:91.2,91.15 1 0
github.com/Tensor-Systems/tensoremr-server/pkg/repository/diagnosis.go:84.77,86.3 1 0
github.com/Tensor-Systems/tensoremr-server/pkg/repository/diagnosis.go:88.16,90.3 1 0
github.com/Tensor-Systems/tensoremr-server/pkg/repository/diagnosis.go:95.42,99.2 3 0
github.com/Tensor-Systems/tensoremr-server/pkg/repository/external_exam.go:19.37,21.16 2 0
github.com/Tensor-Systems/tensoremr-server/pkg/repository/external_exam.go:25.2,25.12 1 0
github.com/Tensor-Systems/tensoremr-server/pkg/repository/external_exam.go:21.16,23.3 1 0
github.com/Tensor-Systems/tensoremr-server/pkg/repository/external_exam.go:29.42,31.16 2 0
github.com/Tensor-Systems/tensoremr-server/pkg/repository/external_exam.go:35.2,35.12 1 0
github.com/Tensor-Systems/tensoremr-server/pkg/repository/external_exam.go:31.16,33.3 1 0
github.com/Tensor-Systems/tensoremr-server/pkg/repository/external_exam.go:39.73,42.16 3 0
github.com/Tensor-Systems/tensoremr-server/pkg/repository/external_exam.go:46.2,46.16 1 0
github.com/Tensor-Systems/tensoremr-server/pkg/repository/external_exam.go:42.16,44.3 1 0
github.com/Tensor-Systems/tensoremr-server/pkg/repository/external_exam.go:50.56,52.16 2 0
github.com/Tensor-Systems/tensoremr-server/pkg/repository/external_exam.go:55.2,55.15 1 0
github.com/Tensor-Systems/tensoremr-server/pkg/repository/external_exam.go:52.16,54.3 1 0
github.com/Tensor-Systems/tensoremr-server/pkg/repository/user.go:54.37,56.16 2 0
github.com/Tensor-Systems/tensoremr-server/pkg/repository/user.go:60.2,61.12 2 0
github.com/Tensor-Systems/tensoremr-server/pkg/repository/user.go:56.16,58.3 1 0
github.com/Tensor-Systems/tensoremr-server/pkg/repository/user.go:65.61,67.16 2 0
github.com/Tensor-Systems/tensoremr-server/pkg/repository/user.go:71.2,71.12 1 0
github.com/Tensor-Systems/tensoremr-server/pkg/repository/user.go:67.16,69.3 1 0
github.com/Tensor-Systems/tensoremr-server/pkg/repository/user.go:75.29,77.16 2 4
github.com/Tensor-Systems/tensoremr-server/pkg/repository/user.go:81.2,81.12 1 4
github.com/Tensor-Systems/tensoremr-server/pkg/repository/user.go:77.16,79.3 1 0
github.com/Tensor-Systems/tensoremr-server/pkg/repository/user.go:85.54,90.2 3 0
github.com/Tensor-Systems/tensoremr-server/pkg/repository/user.go:93.65,98.21 4 0
github.com/Tensor-Systems/tensoremr-server/pkg/repository/user.go:102.2,103.16 2 0
github.com/Tensor-Systems/tensoremr-server/pkg/repository/user.go:107.2,107.27 1 0
github.com/Tensor-Systems/tensoremr-server/pkg/repository/user.go:98.21,100.3 1 0
github.com/Tensor-Systems/tensoremr-server/pkg/repository/user.go:103.16,105.3 1 0
github.com/Tensor-Systems/tensoremr-server/pkg/repository/user.go:111.34,113.2 1 0
github.com/Tensor-Systems/tensoremr-server/pkg/repository/user.go:116.47,118.2 1 0
github.com/Tensor-Systems/tensoremr-server/pkg/repository/user.go:121.72,124.2 2 3
github.com/Tensor-Systems/tensoremr-server/pkg/repository/user.go:127.40,129.16 2 0
github.com/Tensor-Systems/tensoremr-server/pkg/repository/user.go:132.2,132.15 1 0
github.com/Tensor-Systems/tensoremr-server/pkg/repository/user.go:129.16,131.3 1 0
github.com/Tensor-Systems/tensoremr-server/pkg/repository/user.go:136.29,138.16 2 0
github.com/Tensor-Systems/tensoremr-server/pkg/repository/user.go:142.2,142.18 1 0
github.com/Tensor-Systems/tensoremr-server/pkg/repository/user.go:138.16,140.3 1 0
github.com/Tensor-Systems/tensoremr-server/pkg/repository/ocular_motility.go:31.39,33.16 2 0
github.com/Tensor-Systems/tensoremr-server/pkg/repository/ocular_motility.go:37.2,37.12 1 0
github.com/Tensor-Systems/tensoremr-server/pkg/repository/ocular_motility.go:33.16,35.3 1 0
github.com/Tensor-Systems/tensoremr-server/pkg/repository/ocular_motility.go:41.44,43.16 2 0
github.com/Tensor-Systems/tensoremr-server/pkg/repository/ocular_motility.go:47.2,47.12 1 0
github.com/Tensor-Systems/tensoremr-server/pkg/repository/ocular_motility.go:43.16,45.3 1 0
github.com/Tensor-Systems/tensoremr-server/pkg/repository/ocular_motility.go:51.77,54.16 3 0
github.com/Tensor-Systems/tensoremr-server/pkg/repository/ocular_motility.go:58.2,58.16 1 0
github.com/Tensor-Systems/tensoremr-server/pkg/repository/ocular_motility.go:54.16,56.3 1 0
github.com/Tensor-Systems/tensoremr-server/pkg/repository/ocular_motility.go:62.60,64.16 2 0
github.com/Tensor-Systems/tensoremr-server/pkg/repository/ocular_motility.go:67.2,67.15 1 0
github.com/Tensor-Systems/tensoremr-server/pkg/repository/ocular_motility.go:64.16,66.3 1 0
github.com/Tensor-Systems/tensoremr-server/pkg/repository/past_gen_surgery.go:15.39,17.16 2 0
github.com/Tensor-Systems/tensoremr-server/pkg/repository/past_gen_surgery.go:21.2,21.12 1 0
github.com/Tensor-Systems/tensoremr-server/pkg/repository/past_gen_surgery.go:17.16,19.3 1 0
github.com/Tensor-Systems/tensoremr-server/pkg/repository/past_gen_surgery.go:25.44,27.16 2 0
github.com/Tensor-Systems/tensoremr-server/pkg/repository/past_gen_surgery.go:31.2,31.12 1 0
github.com/Tensor-Systems/tensoremr-server/pkg/repository/past_gen_surgery.go:27.16,29.3 1 0
github.com/Tensor-Systems/tensoremr-server/pkg/repository/past_gen_surgery.go:35.60,37.16 2 0
github.com/Tensor-Systems/tensoremr-server/pkg/repository/past_gen_surgery.go:40.2,40.15 1 0
github.com/Tensor-Systems/tensoremr-server/pkg/repository/past_gen_surgery.go:37.16,39.3 1 0
github.com/Tensor-Systems/tensoremr-server/pkg/repository/past_gen_surgery.go:44.47,48.2 3 0
github.com/Tensor-Systems/tensoremr-server/pkg/repository/patient_history.go:20.39,22.16 2 0
github.com/Tensor-Systems/tensoremr-server/pkg/repository/patient_history.go:26.2,26.12 1 0
github.com/Tensor-Systems/tensoremr-server/pkg/repository/patient_history.go:22.16,24.3 1 0
github.com/Tensor-Systems/tensoremr-server/pkg/repository/patient_history.go:30.44,32.16 2 0
github.com/Tensor-Systems/tensoremr-server/pkg/repository/patient_history.go:36.2,36.12 1 0
github.com/Tensor-Systems/tensoremr-server/pkg/repository/patient_history.go:32.16,34.3 1 0
github.com/Tensor-Systems/tensoremr-server/pkg/repository/patient_history.go:40.60,42.16 2 0
github.com/Tensor-Systems/tensoremr-server/pkg/repository/patient_history.go:45.2,45.15 1 0
github.com/Tensor-Systems/tensoremr-server/pkg/repository/patient_history.go:42.16,44.3 1 0
github.com/Tensor-Systems/tensoremr-server/pkg/repository/patient_history.go:49.47,53.2 3 0
github.com/Tensor-Systems/tensoremr-server/pkg/repository/optic_disc.go:22.34,24.16 2 0
github.com/Tensor-Systems/tensoremr-server/pkg/repository/optic_disc.go:28.2,28.12 1 0
github.com/Tensor-Systems/tensoremr-server/pkg/repository/optic_disc.go:24.16,26.3 1 0
github.com/Tensor-Systems/tensoremr-server/pkg/repository/optic_disc.go:32.39,34.16 2 0
github.com/Tensor-Systems/tensoremr-server/pkg/repository/optic_disc.go:38.2,38.12 1 0
github.com/Tensor-Systems/tensoremr-server/pkg/repository/optic_disc.go:34.16,36.3 1 0
github.com/Tensor-Systems/tensoremr-server/pkg/repository/optic_disc.go:42.67,45.16 3 0
github.com/Tensor-Systems/tensoremr-server/pkg/repository/optic_disc.go:49.2,49.16 1 0
github.com/Tensor-Systems/tensoremr-server/pkg/repository/optic_disc.go:45.16,47.3 1 0
github.com/Tensor-Systems/tensoremr-server/pkg/repository/optic_disc.go:53.50,55.16 2 0
github.com/Tensor-Systems/tensoremr-server/pkg/repository/optic_disc.go:58.2,58.15 1 0
github.com/Tensor-Systems/tensoremr-server/pkg/repository/optic_disc.go:55.16,57.3 1 0
github.com/Tensor-Systems/tensoremr-server/pkg/repository/patient_chart.go:133.37,135.16 2 0
github.com/Tensor-Systems/tensoremr-server/pkg/repository/patient_chart.go:139.2,139.12 1 0
github.com/Tensor-Systems/tensoremr-server/pkg/repository/patient_chart.go:135.16,137.3 1 0
github.com/Tensor-Systems/tensoremr-server/pkg/repository/patient_chart.go:143.42,145.16 2 0
github.com/Tensor-Systems/tensoremr-server/pkg/repository/patient_chart.go:149.2,149.12 1 0
github.com/Tensor-Systems/tensoremr-server/pkg/repository/patient_chart.go:145.16,147.3 1 0
github.com/Tensor-Systems/tensoremr-server/pkg/repository/patient_chart.go:153.56,155.16 2 0
github.com/Tensor-Systems/tensoremr-server/pkg/repository/patient_chart.go:158.2,158.15 1 0
github.com/Tensor-Systems/tensoremr-server/pkg/repository/patient_chart.go:155.16,157.3 1 0
github.com/Tensor-Systems/tensoremr-server/pkg/repository/file.go:15.29,17.16 2 0
github.com/Tensor-Systems/tensoremr-server/pkg/repository/file.go:21.2,21.12 1 0
github.com/Tensor-Systems/tensoremr-server/pkg/repository/file.go:17.16,19.3 1 0
github.com/Tensor-Systems/tensoremr-server/pkg/repository/file.go:25.34,27.16 2 0
github.com/Tensor-Systems/tensoremr-server/pkg/repository/file.go:31.2,31.12 1 0
github.com/Tensor-Systems/tensoremr-server/pkg/repository/file.go:27.16,29.3 1 0
github.com/Tensor-Systems/tensoremr-server/pkg/repository/file.go:35.40,37.16 2 0
github.com/Tensor-Systems/tensoremr-server/pkg/repository/file.go:40.2,40.15 1 0
github.com/Tensor-Systems/tensoremr-server/pkg/repository/file.go:37.16,39.3 1 0
github.com/Tensor-Systems/tensoremr-server/pkg/repository/medical_prescription.go:21.44,23.16 2 0
github.com/Tensor-Systems/tensoremr-server/pkg/repository/medical_prescription.go:27.2,27.12 1 0
github.com/Tensor-Systems/tensoremr-server/pkg/repository/medical_prescription.go:23.16,25.3 1 0
github.com/Tensor-Systems/tensoremr-server/pkg/repository/medical_prescription.go:31.49,33.16 2 0
github.com/Tensor-Systems/tensoremr-server/pkg/repository/medical_prescription.go:37.2,37.12 1 0
github.com/Tensor-Systems/tensoremr-server/pkg/repository/medical_prescription.go:33.16,35.3 1 0
github.com/Tensor-Systems/tensoremr-server/pkg/repository/medical_prescription.go:41.70,43.16 2 0
github.com/Tensor-Systems/tensoremr-server/pkg/repository/medical_prescription.go:46.2,46.15 1 0
github.com/Tensor-Systems/tensoremr-server/pkg/repository/medical_prescription.go:43.16,45.3 1 0
github.com/Tensor-Systems/tensoremr-server/pkg/repository/medical_prescription.go:50.52,54.2 3 0
github.com/Tensor-Systems/tensoremr-server/pkg/repository/models.go:25.24,29.2 1 2
github.com/Tensor-Systems/tensoremr-server/pkg/repository/models.go:33.31,35.2 1 0
github.com/Tensor-Systems/tensoremr-server/pkg/repository/models.go:38.63,42.16 3 0
github.com/Tensor-Systems/tensoremr-server/pkg/repository/models.go:46.2,51.12 4 0
github.com/Tensor-Systems/tensoremr-server/pkg/repository/models.go:42.16,44.3 1 0
github.com/Tensor-Systems/tensoremr-server/pkg/repository/models.go:55.67,59.16 3 2
github.com/Tensor-Systems/tensoremr-server/pkg/repository/models.go:63.2,68.12 4 2
github.com/Tensor-Systems/tensoremr-server/pkg/repository/models.go:59.16,61.3 1 0
github.com/Tensor-Systems/tensoremr-server/pkg/repository/models.go:72.25,118.2 45 0
github.com/Tensor-Systems/tensoremr-server/pkg/repository/models.go:121.55,126.21 2 90
github.com/Tensor-Systems/tensoremr-server/pkg/repository/models.go:140.2,140.27 1 90
github.com/Tensor-Systems/tensoremr-server/pkg/repository/models.go:143.2,143.12 1 90
github.com/Tensor-Systems/tensoremr-server/pkg/repository/models.go:126.21,127.30 1 90
github.com/Tensor-Systems/tensoremr-server/pkg/repository/models.go:127.30,129.34 2 90
github.com/Tensor-Systems/tensoremr-server/pkg/repository/models.go:132.4,132.23 1 90
github.com/Tensor-Systems/tensoremr-server/pkg/repository/models.go:129.34,131.5 1 0
github.com/Tensor-Systems/tensoremr-server/pkg/repository/models.go:133.24,134.64 1 90
github.com/Tensor-Systems/tensoremr-server/pkg/repository/models.go:135.12,136.48 1 0
github.com/Tensor-Systems/tensoremr-server/pkg/repository/models.go:140.27,142.3 1 90
github.com/Tensor-Systems/tensoremr-server/pkg/repository/models.go:147.34,148.29 1 2
github.com/Tensor-Systems/tensoremr-server/pkg/repository/models.go:148.29,150.3 1 90
github.com/Tensor-Systems/tensoremr-server/pkg/repository/models.go:154.27,155.29 1 2
github.com/Tensor-Systems/tensoremr-server/pkg/repository/models.go:155.29,157.3 1 90
github.com/Tensor-Systems/tensoremr-server/pkg/repository/models.go:161.37,207.2 45 2
github.com/Tensor-Systems/tensoremr-server/pkg/repository/models.go:209.43,210.22 1 90
github.com/Tensor-Systems/tensoremr-server/pkg/repository/models.go:213.2,214.28 2 0
github.com/Tensor-Systems/tensoremr-server/pkg/repository/models.go:210.22,212.3 1 90
github.com/Tensor-Systems/tensoremr-server/pkg/repository/plan_type.go:15.33,17.16 2 0
github.com/Tensor-Systems/tensoremr-server/pkg/repository/plan_type.go:21.2,21.12 1 0
github.com/Tensor-Systems/tensoremr-server/pkg/repository/plan_type.go:17.16,19.3 1 0
github.com/Tensor-Systems/tensoremr-server/pkg/repository/plan_type.go:25.58,30.2 3 0
github.com/Tensor-Systems/tensoremr-server/pkg/repository/plan_type.go:33.73,38.21 4 0
github.com/Tensor-Systems/tensoremr-server/pkg/repository/plan_type.go:42.2,43.16 2 0
github.com/Tensor-Systems/tensoremr-server/pkg/repository/plan_type.go:47.2,47.27 1 0
github.com/Tensor-Systems/tensoremr-server/pkg/repository/plan_type.go:38.21,40.3 1 0
github.com/Tensor-Systems/tensoremr-server/pkg/repository/plan_type.go:43.16,45.3 1 0
github.com/Tensor-Systems/tensoremr-server/pkg/repository/plan_type.go:51.38,53.16 2 0
github.com/Tensor-Systems/tensoremr-server/pkg/repository/plan_type.go:57.2,57.12 1 0
github.com/Tensor-Systems/tensoremr-server/pkg/repository/plan_type.go:53.16,55.3 1 0
github.com/Tensor-Systems/tensoremr-server/pkg/repository/plan_type.go:61.48,63.16 2 0
github.com/Tensor-Systems/tensoremr-server/pkg/repository/plan_type.go:66.2,66.15 1 0
github.com/Tensor-Systems/tensoremr-server/pkg/repository/plan_type.go:63.16,65.3 1 0
github.com/Tensor-Systems/tensoremr-server/pkg/repository/plan_type.go:70.41,74.2 3 0
github.com/Tensor-Systems/tensoremr-server/pkg/repository/room.go:18.29,21.77 2 0
github.com/Tensor-Systems/tensoremr-server/pkg/repository/room.go:34.2,34.16 1 0
github.com/Tensor-Systems/tensoremr-server/pkg/repository/room.go:38.2,38.12 1 0
github.com/Tensor-Systems/tensoremr-server/pkg/repository/room.go:21.77,25.25 3 0
github.com/Tensor-Systems/tensoremr-server/pkg/repository/room.go:31.3,31.48 1 0
github.com/Tensor-Systems/tensoremr-server/pkg/repository/room.go:25.25,29.4 3 0
github.com/Tensor-Systems/tensoremr-server/pkg/repository/room.go:34.16,36.3 1 0
github.com/Tensor-Systems/tensoremr-server/pkg/repository/room.go:42.34,44.16 2 0
github.com/Tensor-Systems/tensoremr-server/pkg/repository/room.go:48.2,48.12 1 0
github.com/Tensor-Systems/tensoremr-server/pkg/repository/room.go:44.16,46.3 1 0
github.com/Tensor-Systems/tensoremr-server/pkg/repository/room.go:52.54,57.2 3 0
github.com/Tensor-Systems/tensoremr-server/pkg/repository/room.go:60.40,63.77 2 0
github.com/Tensor-Systems/tensoremr-server/pkg/repository/room.go:67.2,67.16 1 0
github.com/Tensor-Systems/tensoremr-server/pkg/repository/room.go:71.2,71.15 1 0
github.com/Tensor-Systems/tensoremr-server/pkg/repository/room.go:63.77,65.3 1 0
github.com/Tensor-Systems/tensoremr-server/pkg/repository/room.go:67.16,69.3 1 0
github.com/Tensor-Systems/tensoremr-server/pkg/repository/room.go:75.37,79.2 3 0
github.com/Tensor-Systems/tensoremr-server/pkg/repository/room.go:82.65,87.21 4 0
github.com/Tensor-Systems/tensoremr-server/pkg/repository/room.go:91.2,92.16 2 0
github.com/Tensor-Systems/tensoremr-server/pkg/repository/room.go:96.2,96.27 1 0
github.com/Tensor-Systems/tensoremr-server/pkg/repository/room.go:87.21,89.3 1 0
github.com/Tensor-Systems/tensoremr-server/pkg/repository/room.go:92.16,94.3 1 0
github.com/Tensor-Systems/tensoremr-server/pkg/repository/slit_lamp_exam.go:34.37,36.16 2 0
github.com/Tensor-Systems/tensoremr-server/pkg/repository/slit_lamp_exam.go:40.2,40.12 1 0
github.com/Tensor-Systems/tensoremr-server/pkg/repository/slit_lamp_exam.go:36.16,38.3 1 0
github.com/Tensor-Systems/tensoremr-server/pkg/repository/slit_lamp_exam.go:44.42,46.16 2 0
github.com/Tensor-Systems/tensoremr-server/pkg/repository/slit_lamp_exam.go:50.2,50.12 1 0
github.com/Tensor-Systems/tensoremr-server/pkg/repository/slit_lamp_exam.go:46.16,48.3 1 0
github.com/Tensor-Systems/tensoremr-server/pkg/repository/slit_lamp_exam.go:54.73,57.16 3 0
github.com/Tensor-Systems/tensoremr-server/pkg/repository/slit_lamp_exam.go:61.2,61.16 1 0
github.com/Tensor-Systems/tensoremr-server/pkg/repository/slit_lamp_exam.go:57.16,59.3 1 0
github.com/Tensor-Systems/tensoremr-server/pkg/repository/slit_lamp_exam.go:65.56,67.16 2 0
github.com/Tensor-Systems/tensoremr-server/pkg/repository/slit_lamp_exam.go:70.2,70.15 1 0
github.com/Tensor-Systems/tensoremr-server/pkg/repository/slit_lamp_exam.go:67.16,69.3 1 0
github.com/Tensor-Systems/tensoremr-server/pkg/repository/appointment_status.go:15.42,17.16 2 1
github.com/Tensor-Systems/tensoremr-server/pkg/repository/appointment_status.go:21.2,21.12 1 1
github.com/Tensor-Systems/tensoremr-server/pkg/repository/appointment_status.go:17.16,19.3 1 0
github.com/Tensor-Systems/tensoremr-server/pkg/repository/appointment_status.go:25.67,30.2 3 0
github.com/Tensor-Systems/tensoremr-server/pkg/repository/appointment_status.go:33.91,38.21 4 0
github.com/Tensor-Systems/tensoremr-server/pkg/repository/appointment_status.go:42.2,43.16 2 0
github.com/Tensor-Systems/tensoremr-server/pkg/repository/appointment_status.go:47.2,47.27 1 0
github.com/Tensor-Systems/tensoremr-server/pkg/repository/appointment_status.go:38.21,40.3 1 0
github.com/Tensor-Systems/tensoremr-server/pkg/repository/appointment_status.go:43.16,45.3 1 0
github.com/Tensor-Systems/tensoremr-server/pkg/repository/appointment_status.go:51.49,53.2 1 0
github.com/Tensor-Systems/tensoremr-server/pkg/repository/appointment_status.go:56.60,58.2 1 0
github.com/Tensor-Systems/tensoremr-server/pkg/repository/appointment_status.go:61.66,63.16 2 0
github.com/Tensor-Systems/tensoremr-server/pkg/repository/appointment_status.go:66.2,66.15 1 0
github.com/Tensor-Systems/tensoremr-server/pkg/repository/appointment_status.go:63.16,65.3 1 0
github.com/Tensor-Systems/tensoremr-server/pkg/repository/appointment_status.go:70.50,74.2 3 0
github.com/Tensor-Systems/tensoremr-server/pkg/repository/lifestyle.go:23.34,25.16 2 0
github.com/Tensor-Systems/tensoremr-server/pkg/repository/lifestyle.go:29.2,29.12 1 0
github.com/Tensor-Systems/tensoremr-server/pkg/repository/lifestyle.go:25.16,27.3 1 0
github.com/Tensor-Systems/tensoremr-server/pkg/repository/lifestyle.go:33.39,35.16 2 0
github.com/Tensor-Systems/tensoremr-server/pkg/repository/lifestyle.go:39.2,39.12 1 0
github.com/Tensor-Systems/tensoremr-server/pkg/repository/lifestyle.go:35.16,37.3 1 0
github.com/Tensor-Systems/tensoremr-server/pkg/repository/lifestyle.go:43.50,45.16 2 0
github.com/Tensor-Systems/tensoremr-server/pkg/repository/lifestyle.go:48.2,48.15 1 0
github.com/Tensor-Systems/tensoremr-server/pkg/repository/lifestyle.go:45.16,47.3 1 0
github.com/Tensor-Systems/tensoremr-server/pkg/repository/lifestyle.go:52.42,56.2 3 0
github.com/Tensor-Systems/tensoremr-server/pkg/repository/past_hospitalization.go:21.44,23.16 2 0
github.com/Tensor-Systems/tensoremr-server/pkg/repository/past_hospitalization.go:27.2,27.12 1 0
github.com/Tensor-Systems/tensoremr-server/pkg/repository/past_hospitalization.go:23.16,25.3 1 0
github.com/Tensor-Systems/tensoremr-server/pkg/repository/past_hospitalization.go:31.49,33.16 2 0
github.com/Tensor-Systems/tensoremr-server/pkg/repository/past_hospitalization.go:37.2,37.12 1 0
github.com/Tensor-Systems/tensoremr-server/pkg/repository/past_hospitalization.go:33.16,35.3 1 0
github.com/Tensor-Systems/tensoremr-server/pkg/repository/past_hospitalization.go:41.70,43.16 2 0
github.com/Tensor-Systems/tensoremr-server/pkg/repository/past_hospitalization.go:46.2,46.15 1 0
github.com/Tensor-Systems/tensoremr-server/pkg/repository/past_hospitalization.go:43.16,45.3 1 0
github.com/Tensor-Systems/tensoremr-server/pkg/repository/past_hospitalization.go:50.52,54.2 3 0
